<?xml version="1.0" encoding="UTF-8"?>
<coverage generated="1600285990503" clover="3.2.0">
  <project timestamp="1600285990503" name="All files">
    <metrics statements="3" coveredstatements="1" conditionals="2" coveredconditionals="0" methods="1" coveredmethods="0" elements="6" coveredelements="1" complexity="0" loc="3" ncloc="3" packages="1" files="1" classes="1"/>
    <file name="sum.js" path="/mnt/c/Users/LenovoES/Documents/projetos/projetosReactJS/jestTest/sum.js">
      <metrics statements="3" coveredstatements="1" conditionals="2" coveredconditionals="0" methods="1" coveredmethods="0"/>
      <line num="1" count="1" type="stmt"/>
      <line num="2" count="0" type="cond" truecount="0" falsecount="2"/>
      <line num="3" count="0" type="stmt"/>
    </file>
  </project>
</coverage>
