{"/mnt/c/Users/LenovoES/Documents/projetos/projetosReactJS/jestTest/div.js": {"path":"/mnt/c/Users/LenovoES/Documents/projetos/projetosReactJS/jestTest/div.js","statementMap":{"0":{"start":{"line":4,"column":2},"end":{"line":4,"column":10}}},"fnMap":{"0":{"name":"(anonymous_0)","decl":{"start":{"line":3,"column":15},"end":{"line":3,"column":16}},"loc":{"start":{"line":3,"column":21},"end":{"line":5,"column":1}},"line":3}},"branchMap":{},"s":{"0":1},"f":{"0":1},"b":{},"_coverageSchema":"332fd63041d2c1bcb487cc26dd0d5f7d97098a6c","hash":"4b1ea8e4668f26e63aa477f3d2dc83f943e82e55"}
,"/mnt/c/Users/LenovoES/Documents/projetos/projetosReactJS/jestTest/sum.js": {"path":"/mnt/c/Users/LenovoES/Documents/projetos/projetosReactJS/jestTest/sum.js","statementMap":{"0":{"start":{"line":4,"column":2},"end":{"line":4,"column":10}}},"fnMap":{"0":{"name":"(anonymous_0)","decl":{"start":{"line":3,"column":15},"end":{"line":3,"column":16}},"loc":{"start":{"line":3,"column":21},"end":{"line":5,"column":1}},"line":3}},"branchMap":{},"s":{"0":1},"f":{"0":1},"b":{},"_coverageSchema":"332fd63041d2c1bcb487cc26dd0d5f7d97098a6c","hash":"e083f990b4132ee751c146da41099a8418d267fa"}
}
